<?xml version="1.0" encoding="UTF-8"?>
<!-- Generated by org.testng.reporters.JUnitReportReporter -->
<testsuite hostname="L-442001137" failures="0" tests="1" name="webRegression.LoginRegression" time="0.562" errors="0" timestamp="2019-08-30T13:40:16 IST" skipped="0">
  <testcase classname="webRegression.LoginRegression" name="flipkartLogin" time="0.562"/>
</testsuite> <!-- webRegression.LoginRegression -->
